<?xml version="1.0" encoding="UTF-8"?>
<!-- Generated by org.testng.reporters.JUnitReportReporter -->
<testsuite hostname="Sovans-MacBook-Pro.local" failures="0" tests="2" name="dummyframework1.tests.StandardTestExcelDriven" time="34.086" errors="0" timestamp="2022-12-03T11:14:06 IST" skipped="0">
  <testcase classname="dummyframework1.tests.StandardTestExcelDriven" name="stdtest" time="16.352"/>
  <system-out/>
  <testcase classname="dummyframework1.tests.StandardTestExcelDriven" name="stdtest" time="17.734"/>
  <system-out/>
</testsuite> <!-- dummyframework1.tests.StandardTestExcelDriven -->
