<?xml version="1.0" encoding="UTF-8"?>
<!-- Generated by org.testng.reporters.JUnitReportReporter -->
<testsuite hostname="Sovans-MacBook-Pro.local" failures="0" tests="2" name="dummyframework1.tests.StandardTest" time="33.213" errors="0" timestamp="2022-11-26T15:53:07 IST" skipped="0">
  <testcase classname="dummyframework1.tests.StandardTest" name="stdtest" time="17.926"/>
  <system-out/>
  <testcase classname="dummyframework1.tests.StandardTest" name="stdtest" time="15.287"/>
  <system-out/>
</testsuite> <!-- dummyframework1.tests.StandardTest -->
